Chronologic VCS simulator copyright 1991-2017
Contains Synopsys proprietary information.
Compiler version N-2017.12-SP2-1_Full64; Runtime version N-2017.12-SP2-1_Full64;  Mar 27 23:53 2020
@@@ Free List       /     ListOut1  /      ListOut2
@@@ Cycle        20
        0        0        0        0
        1        0        0        0
        2        1        1        1
        3        1        1        1
        4        0        0        0
        5        0        0        0
        6        0        0        0
        7        0        0        0
        8        0        0        0
        9        0        0        0
       10        0        0        0
       11        0        0        0
       12        0        0        0
       13        0        0        0
       14        0        0        0
       15        0        0        0
       16        0        0        0
       17        0        0        0
       18        0        0        0
       19        0        0        0
       20        0        0        0
       21        0        0        0
       22        0        0        0
       23        0        0        0
       24        0        0        0
       25        0        0        0
       26        0        0        0
       27        0        0        0
       28        0        0        0
       29        0        0        0
       30        0        0        0
       31        0        0        0
       32        0        0        0
       33        0        0        0
       34        0        0        0
       35        0        0        0
       36        0        0        0
       37        0        0        0
       38        0        0        0
       39        0        0        0
       40        0        0        0
       41        0        0        0
       42        0        0        0
       43        0        0        0
       44        0        0        0
       45        0        0        0
       46        0        0        0
       47        0        0        0
       48        0        0        0
       49        0        0        0
       50        0        0        0
       51        0        0        0
       52        0        0        0
       53        0        0        0
       54        0        0        0
       55        0        0        0
       56        0        0        0
       57        0        0        0
       58        0        0        0
       59        0        0        0
       60        0        0        0
       61        0        0        0
       62        0        0        0
       63        0        0        0
@@@
@@@ Free List       /     ListOut1  /      ListOut2
@@@ Cycle        30
        0        1        1        1
        1        0        1        1
        2        1        1        1
        3        1        1        1
        4        0        0        0
        5        0        0        0
        6        0        0        0
        7        0        0        0
        8        0        0        0
        9        0        0        0
       10        0        0        0
       11        0        0        0
       12        0        0        0
       13        0        0        0
       14        0        0        0
       15        0        0        0
       16        0        0        0
       17        0        0        0
       18        0        0        0
       19        0        0        0
       20        0        0        0
       21        0        0        0
       22        0        0        0
       23        0        0        0
       24        0        0        0
       25        0        0        0
       26        0        0        0
       27        0        0        0
       28        0        0        0
       29        0        0        0
       30        0        0        0
       31        0        0        0
       32        0        0        0
       33        0        0        0
       34        0        0        0
       35        0        0        0
       36        0        0        0
       37        0        0        0
       38        0        0        0
       39        0        0        0
       40        0        0        0
       41        0        0        0
       42        0        0        0
       43        0        0        0
       44        0        0        0
       45        0        0        0
       46        0        0        0
       47        0        0        0
       48        0        0        0
       49        0        0        0
       50        0        0        0
       51        0        0        0
       52        0        0        0
       53        0        0        0
       54        0        0        0
       55        0        0        0
       56        0        0        0
       57        0        0        0
       58        0        0        0
       59        0        0        0
       60        0        0        0
       61        0        0        0
       62        0        0        1
       63        1        1        1
@@@
got phy reg:  1, 62
@@@ Free List       /     ListOut1  /      ListOut2
@@@ Cycle        40
        0        1        1        1
        1        1        1        1
        2        1        1        1
        3        1        1        1
        4        0        1        1
        5        0        0        0
        6        0        0        0
        7        0        0        0
        8        0        0        0
        9        0        0        0
       10        0        0        0
       11        0        0        0
       12        0        0        0
       13        0        0        0
       14        0        0        0
       15        0        0        0
       16        0        0        0
       17        0        0        0
       18        0        0        0
       19        0        0        0
       20        0        0        0
       21        0        0        0
       22        0        0        0
       23        0        0        0
       24        0        0        0
       25        0        0        0
       26        0        0        0
       27        0        0        0
       28        0        0        0
       29        0        0        0
       30        0        0        0
       31        0        0        0
       32        0        0        0
       33        0        0        0
       34        0        0        0
       35        0        0        0
       36        0        0        0
       37        0        0        0
       38        0        0        0
       39        0        0        0
       40        0        0        0
       41        0        0        0
       42        0        0        0
       43        0        0        0
       44        0        0        0
       45        0        0        0
       46        0        0        0
       47        0        0        0
       48        0        0        0
       49        0        0        0
       50        0        0        0
       51        0        0        0
       52        0        0        0
       53        0        0        0
       54        0        0        0
       55        0        0        0
       56        0        0        0
       57        0        0        0
       58        0        0        0
       59        0        0        0
       60        0        0        0
       61        0        0        1
       62        1        1        1
       63        1        1        1
@@@
Test Passed
$finish called from file "freelist_testbench.sv", line 114.
$finish at simulation time                  600
           V C S   S i m u l a t i o n   R e p o r t 
Time: 60000 ps
CPU Time:      0.370 seconds;       Data structure size:   0.4Mb
Fri Mar 27 23:53:38 2020
