Chronologic VCS simulator copyright 1991-2017
Contains Synopsys proprietary information.
Compiler version N-2017.12-SP2-1_Full64; Runtime version N-2017.12-SP2-1_Full64;  Apr  5 15:41 2020

 VCS Coverage Metrics Release N-2017.12-SP2-1_Full64 Copyright (c) 1991-2017 by Synopsys Inc.
@@@		Cycle   10
@@@	Set#	data
@@@        0        0
@@@                 0
@@@        1        0
@@@                 0
@@@        2        0
@@@                 0
@@@        3        0
@@@                 0
@@@        4        0
@@@                 0
@@@        5        0
@@@                 0
@@@        6        0
@@@                 0
@@@        7        0
@@@                 0
@@@        8        0
@@@                 0
@@@        9        0
@@@                 0
@@@       10        0
@@@                 0
@@@       11        0
@@@                 0
@@@       12        0
@@@                 0
@@@       13        0
@@@                 0
@@@       14        0
@@@                 0
@@@       15        0
@@@                 0
@@@
rw idx:  1, tag:   0 at                   10
rd1 valid: 0, data                    0
@@@		Cycle   22
@@@	Set#	data
@@@        0        0
@@@                 0
@@@        1        0
@@@                15
@@@        2        0
@@@                 0
@@@        3        0
@@@                 0
@@@        4        0
@@@                 0
@@@        5        0
@@@                 0
@@@        6        0
@@@                 0
@@@        7        0
@@@                 0
@@@        8        0
@@@                 0
@@@        9        0
@@@                 0
@@@       10        0
@@@                 0
@@@       11        0
@@@                 0
@@@       12        0
@@@                 0
@@@       13        0
@@@                 0
@@@       14        0
@@@                 0
@@@       15        0
@@@                 0
@@@
rd idx:  1, tag:   0 at                   22
rd1 valid: 1, data                   15
@@@		Cycle   31
@@@	Set#	data
@@@        0        0
@@@                 0
@@@        1        5
@@@                15
@@@        2        0
@@@                 0
@@@        3        0
@@@                 0
@@@        4        0
@@@                 0
@@@        5        0
@@@                 0
@@@        6        0
@@@                 0
@@@        7        0
@@@                 0
@@@        8        0
@@@                 0
@@@        9        0
@@@                 0
@@@       10        0
@@@                 0
@@@       11        0
@@@                 0
@@@       12        0
@@@                 0
@@@       13        0
@@@                 0
@@@       14        0
@@@                 0
@@@       15        0
@@@                 0
@@@
rd idx:  1, tag:   4 at                   31
rd1 valid: 1, data                   10
@@@		Cycle   40
@@@	Set#	data
@@@        0        0
@@@                 0
@@@        1       10
@@@                15
@@@        2        0
@@@                 0
@@@        3        0
@@@                 0
@@@        4        0
@@@                 0
@@@        5        0
@@@                 0
@@@        6        0
@@@                 0
@@@        7        0
@@@                 0
@@@        8        0
@@@                 0
@@@        9        0
@@@                 0
@@@       10        0
@@@                 0
@@@       11        0
@@@                 0
@@@       12        0
@@@                 0
@@@       13        0
@@@                 0
@@@       14        0
@@@                 0
@@@       15        0
@@@                 0
@@@
@@@		Cycle   50
@@@	Set#	data
@@@        0        0
@@@                 0
@@@        1       10
@@@                15
@@@        2        0
@@@                 0
@@@        3        0
@@@                13
@@@        4        0
@@@                 0
@@@        5        0
@@@                 0
@@@        6        0
@@@                 0
@@@        7        0
@@@                 0
@@@        8        0
@@@                 0
@@@        9        0
@@@                 0
@@@       10        0
@@@                 0
@@@       11        0
@@@                 0
@@@       12        0
@@@                 0
@@@       13        0
@@@                 0
@@@       14        0
@@@                 0
@@@       15        0
@@@                 0
@@@
rd1 valid: 0, data                   10
@@@ PASSED
$finish called from file "dcachemem_testbench.sv", line 110.
$finish at simulation time                  500

---------------------------------------------------------------------------
VCS Coverage Metrics: during simulation line, cond, tgl was monitored
---------------------------------------------------------------------------

 Coverage status: End of All Coverages ...

           V C S   S i m u l a t i o n   R e p o r t 
Time: 50000 ps
CPU Time:      0.290 seconds;       Data structure size:   0.0Mb
Sun Apr  5 15:41:46 2020
