Chronologic VCS simulator copyright 1991-2017
Contains Synopsys proprietary information.
Compiler version N-2017.12-SP2-1_Full64; Runtime version N-2017.12-SP2-1_Full64;  Apr 10 18:57 2020
VCD+ Writer N-2017.12-SP2-1_Full64 Copyright (c) 1991-2017 by Synopsys Inc.
@@
@@
@@                     0  Asserting System reset......
@@
@@                     0 : System STILL at reset, can't show anything
@@
@@
@@                   100 : System STILL at reset, can't show anything
@@
@@
@@                   200 : System STILL at reset, can't show anything
@@
@@
@@                   300 : System STILL at reset, can't show anything
@@
@@                   360  Deasserting System reset......
@@
@@
@@@ Unified Memory contents hex on left, decimal on right: 
@@@
@@@ mem[    0] = 0000009700000013 : 648540061715
@@@ mem[    8] = 0001011709c08093 : 282673436197011
@@@ mem[   16] = 00010413ff410113 : 285958910050579
@@@ mem[   24] = f281819300001197 : 17474390497534415255
@@@ mem[   32] = 0000029300000213 : 2830383448595
@@@ mem[   40] = 0000039300000313 : 3929895076627
@@@ mem[   48] = 0000051300000493 : 5579162518675
@@@ mem[   56] = 0000061300000593 : 6678674146707
@@@ mem[   64] = 0000071300000693 : 7778185774739
@@@ mem[   72] = 0000081300000793 : 8877697402771
@@@ mem[   80] = 0000091300000893 : 9977209030803
@@@ mem[   88] = 00000a1300000993 : 11076720658835
@@@ mem[   96] = 00000b1300000a93 : 12176232286867
@@@ mem[  104] = 00000c1300000b93 : 13275743914899
@@@ mem[  112] = 00000d1300000c93 : 14375255542931
@@@ mem[  120] = 00000e1300000d93 : 15474767170963
@@@ mem[  128] = 00000f1300000e93 : 16574278798995
@@@ mem[  136] = 1400006f00000f93 : 1441152357499932563
@@@
@@@ mem[  160] = f601011300010117 : 17726450789423055127
@@@ mem[  168] = 00000013fea12c23 : 85876354083
@@@ mem[  176] = fc01011310500073 : 18158796353924235379
@@@ mem[  184] = 0401041302812e23 : 288516330821332515
@@@ mem[  192] = fcb42423fca42623 : 18209218930346829347
@@@ mem[  200] = 0dc0006ffe042223 : 990792399024562723
@@@ mem[  208] = fef42623fe442783 : 18371350715982686083
@@@ mem[  216] = 00279793fe442783 : 11144185973581699
@@@ mem[  224] = 00f707b3fcc42703 : 69532788868785923
@@@ mem[  232] = fef424230007a783 : 18371348512694052739
@@@ mem[  240] = 00178793fe442783 : 6622994160166787
@@@ mem[  248] = 04c0006ffef42023 : 342274052698939427
@@@ mem[  256] = 00279793fe042783 : 11144185969387395
@@@ mem[  264] = 00f707b3fcc42703 : 69532788868785923
@@@ mem[  272] = fe8427030007a783 : 18339826476398389123
@@@ mem[  280] = fe04278302e7d263 : 18303798229183484515
@@@ mem[  288] = fe042783fef42623 : 18303798233412150819
@@@ mem[  296] = fcc4270300279793 : 18213725686834108307
@@@ mem[  304] = 0007a78300f707b3 : 2154505935718323
@@@ mem[  312] = fe042783fef42423 : 18303798233412150307
@@@ mem[  320] = fef4202300178793 : 18371344114648582035
@@@ mem[  328] = fc842783fe042703 : 18195711842339530499
@@@ mem[  336] = fe442783faf748e3 : 18321812631854729443
@@@ mem[  344] = fcc4270300279793 : 18213725686834108307
@@@ mem[  352] = 0007a78300f707b3 : 2154505935718323
@@@ mem[  360] = fe442783fcf42e23 : 18321812631888080419
@@@ mem[  368] = fcc4270300279793 : 18213725686834108307
@@@ mem[  376] = fe84270300f707b3 : 18339826476414076851
@@@ mem[  384] = fec4278300e7a023 : 18357841424678363171
@@@ mem[  392] = fcc4270300279793 : 18213725686834108307
@@@ mem[  400] = fdc4270300f707b3 : 18285783280885630899
@@@ mem[  408] = fe44278300e7a023 : 18321812627659399203
@@@ mem[  416] = fef4222300178793 : 18371346313671837587
@@@ mem[  424] = fff78793fc842783 : 18444359868585617283
@@@ mem[  432] = f0f74ee3fe442703 : 17363433629480658691
@@@ mem[  440] = 0000001300000013 : 81604378643
@@@ mem[  448] = 0401011303c12403 : 288513032307418115
@@@ mem[  456] = e601011300008067 : 16573529284816175207
@@@ mem[  464] = 18812c2318112e23 : 1765741058145201699
@@@ mem[  472] = fe0426231a010413 : 18303796717742523411
@@@ mem[  480] = 000000970340006f : 648594587759
@@@ mem[  488] = 0005079307c080e7 : 1415702955196647
@@@ mem[  496] = fec427833ff7f713 : 18357841425736398611
@@@ mem[  504] = ff04069300279793 : 18375819608011020179
@@@ mem[  512] = e6e7a82300f687b3 : 16638452216637065139
@@@ mem[  520] = 00178793fec42783 : 6622994168555395
@@@ mem[  528] = fec42703fef42623 : 18357840879184782883
@@@ mem[  536] = fce7d4e306200793 : 18223768488703428499
@@@ mem[  544] = 06300593e6040793 : 445862495887034259
@@@ mem[  552] = 0000009700078513 : 648540554515
@@@ mem[  560] = 00000793e88080e7 : 8331842322663
@@@ mem[  568] = 19c1208300078513 : 1855800268466652435
@@@ mem[  576] = 1a01011319812403 : 1873780101506737155
@@@ mem[  584] = 000007b700008067 : 8482560442471
@@@ mem[  592] = 0aa7a4237607a783 : 767762733700982659
@@@ mem[  600] = 000080670a07a623 : 141180038260259
@@@ mem[  608] = 7607a803000007b7 : 8504951152150841271
@@@ mem[  616] = f2d585934c9585b7 : 17498038794909484471
@@@ mem[  624] = 0ac827030a882683 : 776913829736490627
@@@ mem[  632] = 0017861302b687b3 : 6621340672362419
@@@ mem[  640] = 0ac8242300f637b3 : 776910668480001971
@@@ mem[  648] = 42d606135851f637 : 4816043531675235895
@@@ mem[  656] = 02b7073302c68633 : 195633024485197363
@@@ mem[  664] = 00c7073302b6b6b3 : 56021436035675827
@@@ mem[  672] = 00e787b300d70733 : 65169922503149363
@@@ mem[  680] = 0af8262300179513 : 790423666370778387
@@@ mem[  688] = 0000806700155513 : 141179871384851
@@@
@@@ mem[  768] = 0000000000000320 : 800
@@@
@@@ mem[  800] = 0000060c00000000 : 6648609374208
@@@ mem[  808] = 000006dc00000674 : 7541962573428
@@@
@@@ mem[  968] = c6755a5b8666f82c : 14300435540928297004
@@@ mem[  976] = e66d1234abcd330e : 16603947418614838030
@@@ mem[  984] = 0000000b0005deec : 47245025004
@@@
@@@ mem[ 1888] = 0000000000000320 : 800
@@@
@@@ mem[65064] = 0000fe6000000063 : 279688270315619
@@@
@@@ mem[65080] = 000003f700000000 : 4359391805440
@@@ mem[65088] = 0000006200000063 : 420906795107
@@@ mem[65096] = 00000061000003f7 : 416611828727
@@@
@@@ mem[65112] = 0001000000000000 : 281474976710656
@@@ mem[65120] = 000000200000000d : 137438953485
@@@ mem[65128] = 0000002c00000023 : 188978561059
@@@ mem[65136] = 000000380000002d : 240518168621
@@@ mem[65144] = 0000003f0000003a : 270582939706
@@@ mem[65152] = 0000004e00000040 : 335007449152
@@@ mem[65160] = 0000005600000052 : 369367187538
@@@ mem[65168] = 0000007e00000068 : 541165879400
@@@ mem[65176] = 0000009d0000009d : 674309865629
@@@ mem[65184] = 000000c2000000a5 : 833223655589
@@@ mem[65192] = 000000cf000000c4 : 889058230468
@@@ mem[65200] = 000000e9000000d9 : 1000727380185
@@@ mem[65208] = 0000010f000000fb : 1163936137467
@@@ mem[65216] = 0000012900000115 : 1275605287189
@@@ mem[65224] = 000001340000012b : 1322849927467
@@@ mem[65232] = 0000013c00000135 : 1357209665845
@@@ mem[65240] = 0000015700000143 : 1473173782851
@@@ mem[65248] = 0000016800000159 : 1546188226905
@@@ mem[65256] = 0000018900000171 : 1687922147697
@@@ mem[65264] = 0000018f0000018d : 1713691951501
@@@ mem[65272] = 000001a100000193 : 1791001362835
@@@ mem[65280] = 000001b0000001a8 : 1855425872296
@@@ mem[65288] = 000001b4000001b4 : 1872605741492
@@@ mem[65296] = 000001d4000001cd : 2010044694989
@@@ mem[65304] = 000001f5000001d8 : 2151778615768
@@@ mem[65312] = 00000209000001fc : 2237677961724
@@@ mem[65320] = 000002240000020f : 2353642078735
@@@ mem[65328] = 0000022a00000228 : 2379411882536
@@@ mem[65336] = 000002300000022f : 2405181686319
@@@ mem[65344] = 0000024600000244 : 2499670966852
@@@ mem[65352] = 0000025b00000257 : 2589865280087
@@@ mem[65360] = 0000026a0000025e : 2654289789534
@@@ mem[65368] = 0000028800000272 : 2783138808434
@@@ mem[65376] = 000002a700000298 : 2916282794648
@@@ mem[65384] = 000002c6000002bd : 3049426780861
@@@ mem[65392] = 000002d9000002cf : 3131031159503
@@@ mem[65400] = 000002e5000002df : 3182570767071
@@@ mem[65408] = 000002f4000002f1 : 3246995276529
@@@ mem[65416] = 0000031400000304 : 3384434230020
@@@ mem[65424] = 0000032500000316 : 3457448674070
@@@ mem[65432] = 0000032900000326 : 3474628543270
@@@ mem[65440] = 000003640000032f : 3728031613743
@@@ mem[65448] = 0000037700000374 : 3809635992436
@@@ mem[65456] = 0000037a00000378 : 3822520894328
@@@ mem[65464] = 000003900000037b : 3917010174843
@@@ mem[65472] = 000003a400000396 : 4002909520790
@@@ mem[65480] = 000003a8000003a6 : 4020089389990
@@@ mem[65488] = 000003be000003af : 4114578670511
@@@ mem[65496] = 000003d9000003c1 : 4230542787521
@@@ mem[65504] = 000003f7000003db : 4359391806427
@@@ mem[65512] = 00000063000003ff : 425201763327
@@@
@@@ mem[65528] = 000000a000000000 : 687194767360
@@@
@@              36645820 : System halted
@@
@@@ System halted on WFI instruction
@@@
@@
@@  366455 cycles / 73290 instrs = 5.000068 CPI
@@
@@  3664540.00 ns total time to execute
@@

$finish called from file "testbench/testbench.sv", line 266.
$finish at simulation time             36646820
           V C S   S i m u l a t i o n   R e p o r t 
Time: 3664682000 ps
CPU Time:      7.120 seconds;       Data structure size:   0.1Mb
Fri Apr 10 18:57:43 2020
